<?xml version="1.0" encoding="UTF-8"?>
<testsuite name="iii_conventions.N27RangeToKtTest" tests="3" skipped="0" failures="0" errors="0" timestamp="2018-07-19T13:04:43" hostname="stf-macbook" time="0.0">
  <properties/>
  <testcase name="testAfter" classname="iii_conventions.N27RangeToKtTest" time="0.0"/>
  <testcase name="testBefore" classname="iii_conventions.N27RangeToKtTest" time="0.0"/>
  <testcase name="testInRange" classname="iii_conventions.N27RangeToKtTest" time="0.0"/>
  <system-out><![CDATA[]]></system-out>
  <system-err><![CDATA[]]></system-err>
</testsuite>
