<?xml version="1.0" encoding="UTF-8"?>
<testsuite name="i_introduction._9_Extension_Functions.N09ExtensionFunctionsKtTest" tests="2" skipped="0" failures="0" errors="0" timestamp="2018-07-19T13:04:43" hostname="stf-macbook" time="0.001">
  <properties/>
  <testcase name="testPairExtension" classname="i_introduction._9_Extension_Functions.N09ExtensionFunctionsKtTest" time="0.001"/>
  <testcase name="testIntExtension" classname="i_introduction._9_Extension_Functions.N09ExtensionFunctionsKtTest" time="0.0"/>
  <system-out><![CDATA[]]></system-out>
  <system-err><![CDATA[]]></system-err>
</testsuite>
