<?xml version="1.0" encoding="UTF-8"?>
<testsuite name="ii_collections.N22FoldKtTest" tests="1" skipped="0" failures="0" errors="0" timestamp="2018-07-19T13:04:43" hostname="stf-macbook" time="0.001">
  <properties/>
  <testcase name="testGetProductsOrderedByAllCustomers" classname="ii_collections.N22FoldKtTest" time="0.001"/>
  <system-out><![CDATA[]]></system-out>
  <system-err><![CDATA[]]></system-err>
</testsuite>
