<?xml version="1.0" encoding="UTF-8"?>
<testsuite name="iii_conventions.N29OperatorsOverloadingKtTest" tests="4" skipped="0" failures="0" errors="0" timestamp="2018-07-19T13:04:43" hostname="stf-macbook" time="0.001">
  <properties/>
  <testcase name="testOneMonth" classname="iii_conventions.N29OperatorsOverloadingKtTest" time="0.0"/>
  <testcase name="testAddOneTimeInterval" classname="iii_conventions.N29OperatorsOverloadingKtTest" time="0.0"/>
  <testcase name="testMonthChange" classname="iii_conventions.N29OperatorsOverloadingKtTest" time="0.0"/>
  <testcase name="testAddTimeIntervals" classname="iii_conventions.N29OperatorsOverloadingKtTest" time="0.0"/>
  <system-out><![CDATA[]]></system-out>
  <system-err><![CDATA[]]></system-err>
</testsuite>
