<?xml version="1.0" encoding="UTF-8"?>
<testsuite name="ii_collections.N24ExtensionsOnCollectionsKtTest" tests="5" skipped="0" failures="0" errors="0" timestamp="2018-07-19T13:04:43" hostname="stf-macbook" time="0.002">
  <properties/>
  <testcase name="testSimpleCollection" classname="ii_collections.N24ExtensionsOnCollectionsKtTest" time="0.0"/>
  <testcase name="testCollectionWithEmptyStrings" classname="ii_collections.N24ExtensionsOnCollectionsKtTest" time="0.0"/>
  <testcase name="testCollectionWithTwoGroupsOfMaximalSize" classname="ii_collections.N24ExtensionsOnCollectionsKtTest" time="0.0"/>
  <testcase name="testEmptyCollection" classname="ii_collections.N24ExtensionsOnCollectionsKtTest" time="0.001"/>
  <testcase name="testCollectionOfOneElement" classname="ii_collections.N24ExtensionsOnCollectionsKtTest" time="0.0"/>
  <system-out><![CDATA[]]></system-out>
  <system-err><![CDATA[]]></system-err>
</testsuite>
