<?xml version="1.0" encoding="UTF-8"?>
<testsuite name="ii_collections.N20GroupByKtTest" tests="1" skipped="0" failures="0" errors="0" timestamp="2018-07-19T13:04:43" hostname="stf-macbook" time="0.0">
  <properties/>
  <testcase name="testGroupCustomersByCity" classname="ii_collections.N20GroupByKtTest" time="0.0"/>
  <system-out><![CDATA[]]></system-out>
  <system-err><![CDATA[]]></system-err>
</testsuite>
