<?xml version="1.0" encoding="UTF-8"?>
<testsuite name="ii_collections.N23CompoundTasksKtTest" tests="5" skipped="0" failures="0" errors="0" timestamp="2018-07-19T13:04:43" hostname="stf-macbook" time="0.002">
  <properties/>
  <testcase name="testNumberOfTimesEachProductWasOrderedForRepeatedInOrderProduct" classname="ii_collections.N23CompoundTasksKtTest" time="0.001"/>
  <testcase name="testNumberOfTimesEachProductWasOrderedForRepeatedProduct" classname="ii_collections.N23CompoundTasksKtTest" time="0.0"/>
  <testcase name="testNumberOfTimesEachProductWasOrdered" classname="ii_collections.N23CompoundTasksKtTest" time="0.0"/>
  <testcase name="testMostExpensiveDeliveredProduct" classname="ii_collections.N23CompoundTasksKtTest" time="0.0"/>
  <testcase name="testGetCustomersWhoOrderedProduct" classname="ii_collections.N23CompoundTasksKtTest" time="0.0"/>
  <system-out><![CDATA[]]></system-out>
  <system-err><![CDATA[]]></system-err>
</testsuite>
