<?xml version="1.0" encoding="UTF-8"?>
<testsuite name="iii_conventions.N26InRangeKtTest" tests="9" skipped="0" failures="0" errors="0" timestamp="2018-07-19T13:04:43" hostname="stf-macbook" time="0.002">
  <properties/>
  <testcase name="testEqualsToEnd" classname="iii_conventions.N26InRangeKtTest" time="0.001"/>
  <testcase name="testAfter" classname="iii_conventions.N26InRangeKtTest" time="0.0"/>
  <testcase name="testEqualsToBegin" classname="iii_conventions.N26InRangeKtTest" time="0.0"/>
  <testcase name="testInvalidRangeEqualsToEnd" classname="iii_conventions.N26InRangeKtTest" time="0.0"/>
  <testcase name="testBefore" classname="iii_conventions.N26InRangeKtTest" time="0.0"/>
  <testcase name="testInRange" classname="iii_conventions.N26InRangeKtTest" time="0.0"/>
  <testcase name="testInvalidRange" classname="iii_conventions.N26InRangeKtTest" time="0.0"/>
  <testcase name="testInOneDayRange" classname="iii_conventions.N26InRangeKtTest" time="0.0"/>
  <testcase name="testInvalidRangeEqualsToBegin" classname="iii_conventions.N26InRangeKtTest" time="0.0"/>
  <system-out><![CDATA[]]></system-out>
  <system-err><![CDATA[]]></system-err>
</testsuite>
