<?xml version="1.0" encoding="UTF-8"?>
<testsuite name="iii_conventions.N28ForLoopKtTest" tests="4" skipped="0" failures="0" errors="0" timestamp="2018-07-19T13:04:43" hostname="stf-macbook" time="0.01">
  <properties/>
  <testcase name="testIterateOverLeapYearEndOfFebruary" classname="iii_conventions.N28ForLoopKtTest" time="0.008"/>
  <testcase name="testIterateOverDateRange" classname="iii_conventions.N28ForLoopKtTest" time="0.001"/>
  <testcase name="testIterateOverTheNewYear" classname="iii_conventions.N28ForLoopKtTest" time="0.001"/>
  <testcase name="testIterateOverEmptyRange" classname="iii_conventions.N28ForLoopKtTest" time="0.0"/>
  <system-out><![CDATA[]]></system-out>
  <system-err><![CDATA[]]></system-err>
</testsuite>
