<?xml version="1.0" encoding="UTF-8"?>
<testsuite name="i_introduction._1_Java_To_Kotlin_Converter.N01JavaToKotlinConverterKtTest" tests="1" skipped="0" failures="0" errors="0" timestamp="2018-07-19T13:04:43" hostname="stf-macbook" time="0.0">
  <properties/>
  <testcase name="collection" classname="i_introduction._1_Java_To_Kotlin_Converter.N01JavaToKotlinConverterKtTest" time="0.0"/>
  <system-out><![CDATA[]]></system-out>
  <system-err><![CDATA[]]></system-err>
</testsuite>
